\BOOKMARK [0][]{section*.1}{\376\377\144\130\000\040\000\040\000\040\000\040\211\201}{}% 1
\BOOKMARK [0][]{section*.3}{\376\377\000A\000b\000s\000t\000r\000a\000c\000t}{}% 2
\BOOKMARK [0][]{chapter*.5}{\376\377\116\073\211\201\173\046\123\367\133\371\161\147\210\150}{}% 3
\BOOKMARK [0][]{chapter.1}{\376\377\0001\000\040\176\352\213\272}{}% 4
\BOOKMARK [1][]{section.1.1}{\376\377\0001\000.\0001\000\040\170\024\172\166\200\314\146\157\116\016\141\017\116\111}{chapter.1}% 5
\BOOKMARK [1][]{section.1.2}{\376\377\0001\000.\0002\000\040\126\375\121\205\131\026\170\024\172\166\163\260\162\266}{chapter.1}% 6
\BOOKMARK [1][]{section.1.3}{\376\377\0001\000.\0003\000\040\213\272\145\207\170\024\172\166\121\205\133\271}{chapter.1}% 7
\BOOKMARK [1][]{section.1.4}{\376\377\0001\000.\0004\000\040\213\272\145\207\176\304\176\307\176\323\147\204}{chapter.1}% 8
\BOOKMARK [0][]{chapter.2}{\376\377\0002\000\040\226\376\131\051\126\376\120\317\220\000\123\026\147\072\164\006\122\006\147\220\116\016\145\160\143\156\226\306\147\204\136\372}{}% 9
\BOOKMARK [1][]{section.2.1}{\376\377\0002\000.\0001\000\040\131\047\154\024\145\143\134\004\142\020\120\317\147\072\164\006\116\016\226\376\131\051\126\376\120\317\220\000\123\026\122\006\147\220}{chapter.2}% 10
\BOOKMARK [1][]{section.2.2}{\376\377\0002\000.\0002\000\040\226\376\131\051\126\376\120\317\166\204\230\221\163\207\162\171\140\047\116\016\134\017\154\342\122\006\211\343\164\006\213\272}{chapter.2}% 11
\BOOKMARK [1][]{section.2.3}{\376\377\0002\000.\0003\000\040\127\372\116\216\162\151\164\006\121\110\232\214\166\204\227\136\127\107\123\000\226\376\152\041\142\337\145\271\154\325}{chapter.2}% 12
\BOOKMARK [1][]{section.2.4}{\376\377\0002\000.\0004\000\040\227\142\124\021\155\167\116\012\134\017\166\356\150\007\150\300\155\113\166\204\226\376\131\051\145\160\143\156\226\306\147\204\136\372}{chapter.2}% 13
\BOOKMARK [1][]{section.2.5}{\376\377\0002\000.\0005\000\040\147\054\172\340\134\017\176\323}{chapter.2}% 14
\BOOKMARK [0][]{chapter.3}{\376\377\0003\000\040\227\142\124\021\155\167\116\012\226\376\131\051\127\072\146\157\166\204\134\017\166\356\150\007\150\300\155\113\152\041\127\213\213\276\213\241}{}% 15
\BOOKMARK [1][]{section.3.1}{\376\377\0003\000.\0001\000\040\172\357\122\060\172\357\226\376\131\051\166\356\150\007\150\300\155\113\173\227\154\325\145\164\117\123\150\106\147\266}{chapter.3}% 16
\BOOKMARK [1][]{section.3.2}{\376\377\0003\000.\0002\000\040\127\372\116\216\131\032\176\364\154\350\141\017\122\233\147\072\122\066\166\204\217\173\221\317\123\026\116\073\136\162\177\121\176\334\213\276\213\241}{chapter.3}% 17
\BOOKMARK [1][]{section.3.3}{\376\377\0003\000.\0003\000\040\127\372\116\216\162\266\140\001\172\172\225\364\152\041\127\213\166\204\226\376\122\006\136\003\210\150\137\201\122\006\145\057\213\276\213\241}{chapter.3}% 18
\BOOKMARK [1][]{section.3.4}{\376\377\0003\000.\0004\000\040\122\006\226\066\153\265\123\117\124\014\213\255\176\303\173\126\165\145\213\276\213\241}{chapter.3}% 19
\BOOKMARK [1][]{section.3.5}{\376\377\0003\000.\0005\000\040\147\054\172\340\134\017\176\323}{chapter.3}% 20
\BOOKMARK [0][]{chapter.4}{\376\377\0004\000\040\133\236\232\214\116\016\176\323\147\234\122\006\147\220}{}% 21
\BOOKMARK [1][]{section.4.1}{\376\377\0004\000.\0001\000\040\133\236\232\214\145\160\143\156\226\306\123\312\230\204\131\004\164\006}{chapter.4}% 22
\BOOKMARK [1][]{section.4.2}{\376\377\0004\000.\0002\000\040\152\041\127\213\140\047\200\375\213\304\116\367\143\007\150\007}{chapter.4}% 23
\BOOKMARK [1][]{section.4.3}{\376\377\0004\000.\0003\000\040\133\371\153\324\133\236\232\214\123\312\122\006\147\220}{chapter.4}% 24
\BOOKMARK [1][]{section.4.4}{\376\377\0004\000.\0004\000\040\155\210\207\215\133\236\232\214\123\312\122\006\147\220}{chapter.4}% 25
\BOOKMARK [1][]{section.4.5}{\376\377\0004\000.\0005\000\040\147\054\172\340\134\017\176\323}{chapter.4}% 26
\BOOKMARK [0][]{chapter.5}{\376\377\0005\000\040\140\073\176\323\116\016\134\125\147\033}{}% 27
\BOOKMARK [1][]{section.5.1}{\376\377\0005\000.\0001\000\040\147\054\145\207\135\345\117\134\140\073\176\323}{chapter.5}% 28
\BOOKMARK [1][]{section.5.2}{\376\377\0005\000.\0002\000\040\147\052\147\145\135\345\117\134\134\125\147\033}{chapter.5}% 29
\BOOKMARK [0][]{section*.38}{\376\377\201\364\000\040\214\042}{}% 30
\BOOKMARK [0][]{section*.40}{\376\377\123\302\200\003\145\207\163\056}{}% 31
